<?xml version="1.0" encoding="UTF-8"?>
<testsuite xmlns:xsi="http://www.w3.org/2001/XMLSchema-instance" xsi:noNamespaceSchemaLocation="https://maven.apache.org/surefire/maven-surefire-plugin/xsd/surefire-test-report.xsd" version="3.0.2" name="Registration_LoginTest" time="42.611" tests="5" errors="0" skipped="0" failures="0">
  <properties>
[...]
</properties>
  <testcase name="UserCanRegistreSuccessfully" classname="Registration_LoginTest" time="2.526">
    <system-out><![CDATA[**************** Welcome to Selenium Framework *****************
Cleaning Allure Report....
Starting the execution via edge driver
Navigating to url "https://practicesoftwaretesting.com/".
*************************Starting test: UserCanRegistreSuccessfully **************************
Click on: By.xpath: //a[@href="/auth/login"]
Wait for "Sign in" to be clickable
Click on "Sign in".
Click on: By.xpath: //a[@href="/auth/register"]
Wait for "Register your account" to be clickable
Click on "Register your account".
Wait for "Egypt" to be clickable
Click on "Egypt".
Click on: By.xpath: //button[@data-test='register-submit']
Wait for "Register" to be clickable
Click on "Register".
]]></system-out>
    <system-err><![CDATA[SLF4J: Failed to load class "org.slf4j.impl.StaticLoggerBinder".
SLF4J: Defaulting to no-operation (NOP) logger implementation
SLF4J: See http://www.slf4j.org/codes.html#StaticLoggerBinder for further details.
Apr 16, 2025 8:02:20 PM org.openqa.selenium.devtools.CdpVersionFinder findNearestMatch
WARNING: Unable to find an exact match for CDP version 135, returning the closest version; found: 132; Please update to a Selenium version that supports CDP version 135
]]></system-err>
  </testcase>
  <testcase name="UserCanLoginSuccessfully" classname="Registration_LoginTest" time="3.384">
    <system-out><![CDATA[*************************Success of test: UserCanRegistreSuccessfully **************************
Successfully Quit Driver.
Starting the execution via edge driver
Navigating to url "https://practicesoftwaretesting.com/".
*************************Starting test: UserCanLoginSuccessfully **************************
Click on: By.xpath: //a[@href="/auth/login"]
Wait for "Sign in" to be clickable
Click on "Sign in".
Trying to login with email: user1744826543314@mail.com
Click on: By.xpath: //input[@data-test='login-submit']
Wait for "Login" to be clickable
Click on "Login".
]]></system-out>
    <system-err><![CDATA[Apr 16, 2025 8:02:29 PM org.openqa.selenium.devtools.CdpVersionFinder findNearestMatch
WARNING: Unable to find an exact match for CDP version 135, returning the closest version; found: 132; Please update to a Selenium version that supports CDP version 135
]]></system-err>
  </testcase>
  <testcase name="ClickONForgetPasswordLink" classname="Registration_LoginTest" time="0.826">
    <system-out><![CDATA[*************************Success of test: UserCanLoginSuccessfully **************************
Successfully Quit Driver.
Starting the execution via edge driver
Navigating to url "https://practicesoftwaretesting.com/".
*************************Starting test: ClickONForgetPasswordLink **************************
Click on: By.xpath: //a[@href="/auth/login"]
Wait for "Sign in" to be clickable
Click on "Sign in".
Click on: By.xpath: //a[@data-test="forgot-password-link"]
Wait for "Forgot your Password?" to be clickable
Click on "Forgot your Password?".
Trying to login with email: user1744826543314@mail.com
Click on: By.xpath: //input[@data-test="forgot-password-submit"]
Wait for "Set New Password" to be clickable
Click on "Set New Password".
]]></system-out>
    <system-err><![CDATA[Apr 16, 2025 8:02:39 PM org.openqa.selenium.devtools.CdpVersionFinder findNearestMatch
WARNING: Unable to find an exact match for CDP version 135, returning the closest version; found: 132; Please update to a Selenium version that supports CDP version 135
]]></system-err>
  </testcase>
  <testcase name="fillRegistrationFormWithIncorrectData" classname="Registration_LoginTest" time="1.559">
    <system-out><![CDATA[*************************Success of test: ClickONForgetPasswordLink **************************
Successfully Quit Driver.
Starting the execution via edge driver
Navigating to url "https://practicesoftwaretesting.com/".
*************************Starting test: fillRegistrationFormWithIncorrectData **************************
Click on: By.xpath: //a[@href="/auth/login"]
Wait for "Sign in" to be clickable
Click on "Sign in".
Click on: By.xpath: //a[@href="/auth/register"]
Wait for "Register your account" to be clickable
Click on "Register your account".
Click on: By.xpath: //button[@data-test='register-submit']
Wait for "Register" to be clickable
Click on "Register".
Checking //div[@data-test="first-name-error"] if Displayed
Checking //div[@data-test="last-name-error"] if Displayed
Checking //div[@data-test="email-error"] if Displayed
Checking //div[@data-test="dob-error"] if Displayed
Checking //div[@data-test="street-error"] if Displayed
Checking //div[@data-test="postal_code-error"] if Displayed
Checking //div[@data-test="city-error"] if Displayed
Checking //div[@data-test="state-error"] if Displayed
Checking //div[@data-test="phone-error"] if Displayed
Checking //div[@data-test="password-error"] if Displayed
]]></system-out>
    <system-err><![CDATA[Apr 16, 2025 8:02:46 PM org.openqa.selenium.devtools.CdpVersionFinder findNearestMatch
WARNING: Unable to find an exact match for CDP version 135, returning the closest version; found: 132; Please update to a Selenium version that supports CDP version 135
]]></system-err>
  </testcase>
  <testcase name="UserCannotLoginSuccessfully" classname="Registration_LoginTest" time="0.883">
    <system-out><![CDATA[*************************Success of test: fillRegistrationFormWithIncorrectData **************************
Successfully Quit Driver.
Starting the execution via edge driver
Navigating to url "https://practicesoftwaretesting.com/".
*************************Starting test: UserCannotLoginSuccessfully **************************
Click on: By.xpath: //a[@href="/auth/login"]
Wait for "Sign in" to be clickable
Click on "Sign in".
Click on: By.xpath: //input[@data-test='login-submit']
Wait for "Login" to be clickable
Click on "Login".
Checking //div[@data-test="email-error"] if Displayed
]]></system-out>
    <system-err><![CDATA[Apr 16, 2025 8:02:54 PM org.openqa.selenium.devtools.CdpVersionFinder findNearestMatch
WARNING: Unable to find an exact match for CDP version 135, returning the closest version; found: 132; Please update to a Selenium version that supports CDP version 135
]]></system-err>
  </testcase>
</testsuite>